// license:BSD-3-Clause
// copyright-holders:Aaron Giles
/******************************************************************************

    mame.lst

    This is not an automatically generated file, and it should be manually
    updated when new driver is added.

******************************************************************************/

@source:cdi.cpp
cdi490a                         //
cdi910                          //
cdibios                         // Base unit
cdimono1                        // Philips CD-i model 200 (Mono-I board, PAL)
cdimono2                        // Philips CD-i model 220 (Mono-II board, NTSC)
quizard                         // (c) TAB Austria 199?
quizard_10                      // (c) TAB Austria 1996
quizard_12                      // (c) TAB Austria 1996
quizard_17                      // (c) TAB Austria 1996
quizard2                        // (c) TAB Austria 1995
quizard2_22                     // (c) TAB Austria 199?
quizard3                        // (c) TAB Austria 1996
quizard3_32                     // (c) TAB Austria 1996
quizard3a                       // (c) TAB Austria 1996
quizard4                        // (c) TAB Austria 1998
quizard4_40                     // (c) TAB Austria 1997
quizard4_41                     // (c) TAB Austria 1998
quizard4cz                      // (c) TAB Austria 1998
